{"/Users/devinstockton/Desktop/fuel-predictor-project/Fuel-Rate-Prediction/server/app.js": {"path":"/Users/devinstockton/Desktop/fuel-predictor-project/Fuel-Rate-Prediction/server/app.js","statementMap":{"0":{"start":{"line":3,"column":12},"end":{"line":3,"column":21}},"1":{"start":{"line":5,"column":0},"end":{"line":5,"column":24}},"2":{"start":{"line":6,"column":0},"end":{"line":6,"column":16}},"3":{"start":{"line":10,"column":0},"end":{"line":14,"column":3}},"4":{"start":{"line":11,"column":21},"end":{"line":11,"column":38}},"5":{"start":{"line":12,"column":21},"end":{"line":12,"column":38}},"6":{"start":{"line":13,"column":4},"end":{"line":13,"column":35}},"7":{"start":{"line":17,"column":0},"end":{"line":25,"column":3}},"8":{"start":{"line":18,"column":21},"end":{"line":18,"column":38}},"9":{"start":{"line":19,"column":21},"end":{"line":19,"column":38}},"10":{"start":{"line":20,"column":4},"end":{"line":23,"column":5}},"11":{"start":{"line":21,"column":8},"end":{"line":21,"column":57}},"12":{"start":{"line":22,"column":8},"end":{"line":22,"column":15}},"13":{"start":{"line":24,"column":4},"end":{"line":24,"column":35}},"14":{"start":{"line":28,"column":0},"end":{"line":36,"column":3}},"15":{"start":{"line":29,"column":21},"end":{"line":29,"column":38}},"16":{"start":{"line":30,"column":21},"end":{"line":30,"column":38}},"17":{"start":{"line":31,"column":21},"end":{"line":31,"column":38}},"18":{"start":{"line":32,"column":17},"end":{"line":32,"column":30}},"19":{"start":{"line":33,"column":18},"end":{"line":33,"column":32}},"20":{"start":{"line":34,"column":16},"end":{"line":34,"column":28}},"21":{"start":{"line":35,"column":4},"end":{"line":35,"column":62}},"22":{"start":{"line":39,"column":0},"end":{"line":44,"column":3}},"23":{"start":{"line":40,"column":29},"end":{"line":40,"column":54}},"24":{"start":{"line":41,"column":28},"end":{"line":41,"column":52}},"25":{"start":{"line":42,"column":25},"end":{"line":42,"column":46}},"26":{"start":{"line":43,"column":4},"end":{"line":43,"column":64}}},"fnMap":{"0":{"name":"(anonymous_0)","decl":{"start":{"line":10,"column":22},"end":{"line":10,"column":23}},"loc":{"start":{"line":10,"column":42},"end":{"line":14,"column":1}},"line":10},"1":{"name":"(anonymous_1)","decl":{"start":{"line":17,"column":19},"end":{"line":17,"column":20}},"loc":{"start":{"line":17,"column":39},"end":{"line":25,"column":1}},"line":17},"2":{"name":"(anonymous_2)","decl":{"start":{"line":28,"column":21},"end":{"line":28,"column":22}},"loc":{"start":{"line":28,"column":41},"end":{"line":36,"column":1}},"line":28},"3":{"name":"(anonymous_3)","decl":{"start":{"line":39,"column":19},"end":{"line":39,"column":20}},"loc":{"start":{"line":39,"column":39},"end":{"line":44,"column":1}},"line":39}},"branchMap":{"0":{"loc":{"start":{"line":20,"column":4},"end":{"line":23,"column":5}},"type":"if","locations":[{"start":{"line":20,"column":4},"end":{"line":23,"column":5}},{"start":{},"end":{}}],"line":20},"1":{"loc":{"start":{"line":20,"column":7},"end":{"line":20,"column":29}},"type":"binary-expr","locations":[{"start":{"line":20,"column":7},"end":{"line":20,"column":16}},{"start":{"line":20,"column":20},"end":{"line":20,"column":29}}],"line":20}},"s":{"0":4,"1":4,"2":4,"3":4,"4":3,"5":3,"6":3,"7":4,"8":5,"9":5,"10":5,"11":3,"12":3,"13":2,"14":4,"15":7,"16":7,"17":7,"18":7,"19":7,"20":7,"21":7,"22":4,"23":4,"24":4,"25":4,"26":4},"f":{"0":3,"1":5,"2":7,"3":4},"b":{"0":[3,2],"1":[5,3]},"_coverageSchema":"1a1c01bbd47fc00a2c39e90264f33305004495a9","hash":"5d08240461e91cfaf90bff11f05b69cc69bb32a2"}
}
