TN:
SF:app.js
FN:15,(anonymous_0)
FNF:1
FNH:1
FNDA:4,(anonymous_0)
DA:2,4
DA:16,4
DA:18,4
DA:19,4
DA:25,4
DA:26,4
DA:28,4
DA:39,4
DA:40,4
DA:41,4
DA:42,4
DA:44,4
LF:12
LH:12
BRF:0
BRH:0
end_of_record
TN:
SF:routes/fuel.js
FN:5,(anonymous_0)
FN:7,(anonymous_1)
FN:18,(anonymous_2)
FN:29,(anonymous_3)
FN:46,(anonymous_4)
FN:55,(anonymous_5)
FNF:6
FNH:6
FNDA:4,(anonymous_0)
FNDA:1,(anonymous_1)
FNDA:1,(anonymous_2)
FNDA:4,(anonymous_3)
FNDA:1,(anonymous_4)
FNDA:2,(anonymous_5)
DA:2,4
DA:5,4
DA:6,4
DA:7,4
DA:8,1
DA:9,1
DA:10,1
DA:11,1
DA:13,0
DA:14,0
DA:18,4
DA:19,1
DA:20,1
DA:21,1
DA:22,1
DA:24,0
DA:25,0
DA:29,4
DA:30,4
DA:31,4
DA:32,4
DA:33,4
DA:42,0
DA:46,4
DA:47,1
DA:48,1
DA:49,1
DA:50,1
DA:52,0
DA:55,4
DA:56,2
DA:57,2
DA:58,2
DA:59,2
DA:61,0
DA:65,4
LF:36
LH:29
BRDA:14,0,0,0
BRDA:14,0,1,0
BRDA:14,1,0,0
BRDA:14,1,1,0
BRDA:25,2,0,0
BRDA:25,2,1,0
BRDA:25,3,0,0
BRDA:25,3,1,0
BRDA:42,4,0,0
BRDA:42,4,1,0
BRDA:42,5,0,0
BRDA:42,5,1,0
BRDA:52,6,0,0
BRDA:52,6,1,0
BRF:14
BRH:0
end_of_record
TN:
SF:routes/login.js
FN:5,(anonymous_0)
FN:6,(anonymous_1)
FNF:2
FNH:2
FNDA:4,(anonymous_0)
FNDA:4,(anonymous_1)
DA:3,4
DA:5,4
DA:6,4
DA:7,4
DA:8,4
DA:9,4
DA:10,2
DA:12,2
DA:13,2
DA:14,2
DA:15,0
DA:16,0
DA:19,2
DA:21,0
DA:25,4
LF:15
LH:12
BRDA:9,0,0,2
BRDA:9,0,1,2
BRDA:9,1,0,4
BRDA:9,1,1,3
BRDA:14,2,0,0
BRDA:14,2,1,2
BRF:6
BRH:5
end_of_record
TN:
SF:routes/profile.js
FN:4,(anonymous_0)
FN:6,(anonymous_1)
FN:24,(anonymous_2)
FNF:3
FNH:3
FNDA:4,(anonymous_0)
FNDA:6,(anonymous_1)
FNDA:1,(anonymous_2)
DA:2,4
DA:4,4
DA:5,4
DA:6,4
DA:7,6
DA:8,6
DA:9,6
DA:10,6
DA:19,0
DA:20,0
DA:24,4
DA:25,1
DA:26,1
DA:27,1
DA:28,1
DA:30,0
DA:31,0
DA:36,4
LF:18
LH:14
BRF:0
BRH:0
end_of_record
TN:
SF:routes/register.js
FN:5,(anonymous_0)
FN:6,(anonymous_1)
FNF:2
FNH:2
FNDA:4,(anonymous_0)
FNDA:3,(anonymous_1)
DA:3,4
DA:5,4
DA:6,4
DA:7,3
DA:8,3
DA:9,3
DA:10,3
DA:12,0
DA:13,0
DA:17,4
LF:10
LH:8
BRF:0
BRH:0
end_of_record
